[2024-12-19 15:17:19] TX 0 - CREATE: Table 'account' created with fields: ['id', 'name', 'balance']
[2024-12-19 15:17:19] TX 1734592635492 - LOCK: ACQUIRED X lock on account
[2024-12-19 15:17:19] TX 1734592635492 - INSERT: Record inserted into account: 1, 'Alice', 1000
[2024-12-19 15:17:19] TX 1734592635492 - LOCK: ACQUIRED X lock on account
[2024-12-19 15:17:19] TX 1734592635492 - INSERT: Record inserted into account: 2, 'Bob', 2000
[2024-12-19 15:17:24] TX 1734592635492 - LOCK: RELEASED X lock on account
[2024-12-19 15:18:08] TX 1734592644972 - LOCK: ACQUIRED X lock on account
[2024-12-19 15:18:08] TX 1734592644972 - LOCK: ACQUIRED X lock on account:record:1
[2024-12-19 15:18:51] TX 1734592644972 - LOCK: ACQUIRED X lock on account
[2024-12-19 15:18:51] TX 1734592644972 - LOCK: ACQUIRED X lock on account:record:2
[2024-12-19 15:19:18] TX 1734592644972 - LOCK: RELEASED X lock on account:record:1
[2024-12-19 15:19:18] TX 1734592644972 - LOCK: RELEASED X lock on account:record:2
[2024-12-19 15:19:18] TX 1734592644972 - LOCK: RELEASED X lock on account
[2024-12-19 15:19:35] TX 1734592696445 - LOCK: ACQUIRED S lock on account
[2024-12-19 15:19:35] TX 1734592696445 - LOCK: ACQUIRED S lock on account:record:1
[2024-12-19 15:19:35] TX 1734592696445 - LOCK: ACQUIRED X lock on account
[2024-12-19 15:19:35] TX 1734592696445 - LOCK: ACQUIRED X lock on account:record:1
[2024-12-19 15:19:51] TX 1734592696445 - LOCK: RELEASED X lock on account:record:1
[2024-12-19 15:19:51] TX 1734592696445 - LOCK: RELEASED X lock on account
[2024-12-19 15:20:00] TX 1734592791961 - LOCK: ACQUIRED S lock on account
[2024-12-19 15:20:00] TX 1734592791961 - LOCK: ACQUIRED S lock on account:record:2
[2024-12-19 15:20:00] TX 1734592791961 - LOCK: ACQUIRED S lock on account:record:1
